# JRE version: OpenJDK Runtime Environment (11.0.10) (build 11.0.10+0-b96-7249189)
# Java VM: OpenJDK 64-Bit Server VM (11.0.10+0-b96-7249189, mixed mode, tiered, compressed oops, g1 gc, windows-amd64)
Heap:
 garbage-first heap   total 199680K, used 112003K [0x0000000080000000, 0x0000000100000000)
  region size 1024K, 25 young (25600K), 2 survivors (2048K)
 Metaspace       used 95203K, capacity 97634K, committed 97956K, reserved 1134592K
  class space    used 11748K, capacity 12601K, committed 12672K, reserved 1048576K
GC Heap History (20 events):
Event: 112.369 GC heap before
{Heap before GC invocations=52 (full 0):
 garbage-first heap   total 165888K, used 129226K [0x0000000080000000, 0x0000000100000000)
  region size 1024K, 26 young (26624K), 1 survivors (1024K)
 Metaspace       used 90102K, capacity 92467K, committed 92708K, reserved 1130496K
  class space    used 11363K, capacity 12200K, committed 12288K, reserved 1048576K
}
Event: 112.377 GC heap after
{Heap after GC invocations=53 (full 0):
 garbage-first heap   total 165888K, used 103758K [0x0000000080000000, 0x0000000100000000)
  region size 1024K, 1 young (1024K), 1 survivors (1024K)
 Metaspace       used 90102K, capacity 92467K, committed 92708K, reserved 1130496K
  class space    used 11363K, capacity 12200K, committed 12288K, reserved 1048576K
}
Event: 112.672 GC heap before
{Heap before GC invocations=53 (full 0):
 garbage-first heap   total 165888K, used 130382K [0x0000000080000000, 0x0000000100000000)
  region size 1024K, 27 young (27648K), 1 survivors (1024K)
 Metaspace       used 90112K, capacity 92467K, committed 92708K, reserved 1130496K
  class space    used 11363K, capacity 12200K, committed 12288K, reserved 1048576K
}
Event: 112.677 GC heap after
{Heap after GC invocations=54 (full 0):
 garbage-first heap   total 165888K, used 103601K [0x0000000080000000, 0x0000000100000000)
  region size 1024K, 1 young (1024K), 1 survivors (1024K)
 Metaspace       used 90112K, capacity 92467K, committed 92708K, reserved 1130496K
  class space    used 11363K, capacity 12200K, committed 12288K, reserved 1048576K
}
Event: 113.145 GC heap before
{Heap before GC invocations=55 (full 0):
 garbage-first heap   total 165888K, used 109745K [0x0000000080000000, 0x0000000100000000)
  region size 1024K, 8 young (8192K), 1 survivors (1024K)
 Metaspace       used 90225K, capacity 92601K, committed 92708K, reserved 1130496K
  class space    used 11371K, capacity 12202K, committed 12288K, reserved 1048576K
}
Event: 113.164 GC heap after
{Heap after GC invocations=56 (full 0):
 garbage-first heap   total 165888K, used 108310K [0x0000000080000000, 0x0000000100000000)
  region size 1024K, 4 young (4096K), 4 survivors (4096K)
 Metaspace       used 90225K, capacity 92601K, committed 92708K, reserved 1130496K
  class space    used 11371K, capacity 12202K, committed 12288K, reserved 1048576K
}
Event: 113.726 GC heap before
{Heap before GC invocations=57 (full 0):
 garbage-first heap   total 165888K, used 109334K [0x0000000080000000, 0x0000000100000000)
  region size 1024K, 5 young (5120K), 4 survivors (4096K)
 Metaspace       used 90225K, capacity 92601K, committed 92708K, reserved 1130496K
  class space    used 11371K, capacity 12202K, committed 12288K, reserved 1048576K
}
Event: 113.743 GC heap after
{Heap after GC invocations=58 (full 0):
 garbage-first heap   total 165888K, used 109425K [0x0000000080000000, 0x0000000100000000)
  region size 1024K, 1 young (1024K), 1 survivors (1024K)
 Metaspace       used 90225K, capacity 92601K, committed 92708K, reserved 1130496K
  class space    used 11371K, capacity 12202K, committed 12288K, reserved 1048576K
}
Event: 114.351 GC heap before
{Heap before GC invocations=59 (full 0):
 garbage-first heap   total 165888K, used 111473K [0x0000000080000000, 0x0000000100000000)
  region size 1024K, 2 young (2048K), 1 survivors (1024K)
 Metaspace       used 90225K, capacity 92601K, committed 92708K, reserved 1130496K
  class space    used 11371K, capacity 12202K, committed 12288K, reserved 1048576K
}
Event: 114.355 GC heap after
{Heap after GC invocations=60 (full 0):
 garbage-first heap   total 165888K, used 110029K [0x0000000080000000, 0x0000000100000000)
  region size 1024K, 1 young (1024K), 1 survivors (1024K)
 Metaspace       used 90225K, capacity 92601K, committed 92708K, reserved 1130496K
  class space    used 11371K, capacity 12202K, committed 12288K, reserved 1048576K
}
Event: 115.155 GC heap before
{Heap before GC invocations=61 (full 0):
 garbage-first heap   total 165888K, used 138701K [0x0000000080000000, 0x0000000100000000)
  region size 1024K, 18 young (18432K), 1 survivors (1024K)
 Metaspace       used 90630K, capacity 93026K, committed 93220K, reserved 1130496K
  class space    used 11402K, capacity 12248K, committed 12288K, reserved 1048576K
}
Event: 115.163 GC heap after
{Heap after GC invocations=62 (full 0):
 garbage-first heap   total 165888K, used 114259K [0x0000000080000000, 0x0000000100000000)
  region size 1024K, 3 young (3072K), 3 survivors (3072K)
 Metaspace       used 90630K, capacity 93026K, committed 93220K, reserved 1130496K
  class space    used 11402K, capacity 12248K, committed 12288K, reserved 1048576K
}
Event: 115.873 GC heap before
{Heap before GC invocations=62 (full 0):
 garbage-first heap   total 165888K, used 129619K [0x0000000080000000, 0x0000000100000000)
  region size 1024K, 19 young (19456K), 3 survivors (3072K)
 Metaspace       used 91813K, capacity 94210K, committed 94372K, reserved 1132544K
  class space    used 11487K, capacity 12313K, committed 12416K, reserved 1048576K
}
Event: 115.887 GC heap after
{Heap after GC invocations=63 (full 0):
 garbage-first heap   total 165888K, used 116854K [0x0000000080000000, 0x0000000100000000)
  region size 1024K, 3 young (3072K), 3 survivors (3072K)
 Metaspace       used 91813K, capacity 94210K, committed 94372K, reserved 1132544K
  class space    used 11487K, capacity 12313K, committed 12416K, reserved 1048576K
}
Event: 116.987 GC heap before
{Heap before GC invocations=64 (full 0):
 garbage-first heap   total 165888K, used 114806K [0x0000000080000000, 0x0000000100000000)
  region size 1024K, 19 young (19456K), 3 survivors (3072K)
 Metaspace       used 93717K, capacity 96066K, committed 96292K, reserved 1132544K
  class space    used 11658K, capacity 12505K, committed 12544K, reserved 1048576K
}
Event: 117.004 GC heap after
{Heap after GC invocations=65 (full 0):
 garbage-first heap   total 199680K, used 101373K [0x0000000080000000, 0x0000000100000000)
  region size 1024K, 2 young (2048K), 2 survivors (2048K)
 Metaspace       used 93717K, capacity 96066K, committed 96292K, reserved 1132544K
  class space    used 11658K, capacity 12505K, committed 12544K, reserved 1048576K
}
Event: 117.266 GC heap before
{Heap before GC invocations=65 (full 0):
 garbage-first heap   total 199680K, used 107517K [0x0000000080000000, 0x0000000100000000)
  region size 1024K, 9 young (9216K), 2 survivors (2048K)
 Metaspace       used 94313K, capacity 96674K, committed 96804K, reserved 1134592K
  class space    used 11693K, capacity 12537K, committed 12544K, reserved 1048576K
}
Event: 117.283 GC heap after
{Heap after GC invocations=66 (full 0):
 garbage-first heap   total 199680K, used 90250K [0x0000000080000000, 0x0000000100000000)
  region size 1024K, 2 young (2048K), 2 survivors (2048K)
 Metaspace       used 94313K, capacity 96674K, committed 96804K, reserved 1134592K
  class space    used 11693K, capacity 12537K, committed 12544K, reserved 1048576K
}
Event: 118.598 GC heap before
{Heap before GC invocations=66 (full 0):
 garbage-first heap   total 199680K, used 137354K [0x0000000080000000, 0x0000000100000000)
  region size 1024K, 48 young (49152K), 2 survivors (2048K)
 Metaspace       used 94614K, capacity 96994K, committed 97060K, reserved 1134592K
  class space    used 11706K, capacity 12537K, committed 12544K, reserved 1048576K
}
Event: 118.606 GC heap after
{Heap after GC invocations=67 (full 0):
 garbage-first heap   total 199680K, used 89475K [0x0000000080000000, 0x0000000100000000)
  region size 1024K, 2 young (2048K), 2 survivors (2048K)
 Metaspace       used 94614K, capacity 96994K, committed 97060K, reserved 1134592K
  class space    used 11706K, capacity 12537K, committed 12544K, reserved 1048576K
}

